Unity Editor version:    2021.3.2f1 (d6360bedb9a0)
Branch:                  2021.3/staging
Build type:              Release
Batch mode:              YES
macOS version:           Version 12.4 (Build 21F79)
Darwin version:          21.5.0
Architecture:            arm64
Running under Rosetta:   NO
Available memory:        16384 MB
Using pre-set license
Pro License: YES

COMMAND LINE ARGUMENTS:
/Applications/Unity/Hub/Editor/2021.3.2f1/Unity.app/Contents/MacOS/Unity
-adb2
-batchMode
-noUpm
-name
AssetImportWorker0
-projectPath
/Users/rebby/Documents/GitHub/Game-Design-Lab
-logFile
Logs/AssetImportWorker0.log
-srvPort
49649
Successfully changed project path to: /Users/rebby/Documents/GitHub/Game-Design-Lab
/Users/rebby/Documents/GitHub/Game-Design-Lab
[UnityMemory] Configuration Parameters - Can be set up in boot.config
    "memorysetup-bucket-allocator-granularity=16"
    "memorysetup-bucket-allocator-bucket-count=8"
    "memorysetup-bucket-allocator-block-size=33554432"
    "memorysetup-bucket-allocator-block-count=8"
    "memorysetup-main-allocator-block-size=16777216"
    "memorysetup-thread-allocator-block-size=16777216"
    "memorysetup-gfx-main-allocator-block-size=16777216"
    "memorysetup-gfx-thread-allocator-block-size=16777216"
    "memorysetup-cache-allocator-block-size=4194304"
    "memorysetup-typetree-allocator-block-size=2097152"
    "memorysetup-profiler-bucket-allocator-granularity=16"
    "memorysetup-profiler-bucket-allocator-bucket-count=8"
    "memorysetup-profiler-bucket-allocator-block-size=33554432"
    "memorysetup-profiler-bucket-allocator-block-count=8"
    "memorysetup-profiler-allocator-block-size=16777216"
    "memorysetup-profiler-editor-allocator-block-size=1048576"
    "memorysetup-temp-allocator-size-main=16777216"
    "memorysetup-job-temp-allocator-block-size=2097152"
    "memorysetup-job-temp-allocator-block-size-background=1048576"
    "memorysetup-job-temp-allocator-reduction-small-platforms=262144"
    "memorysetup-temp-allocator-size-background-worker=32768"
    "memorysetup-temp-allocator-size-job-worker=262144"
    "memorysetup-temp-allocator-size-preload-manager=33554432"
    "memorysetup-temp-allocator-size-nav-mesh-worker=65536"
    "memorysetup-temp-allocator-size-audio-worker=65536"
    "memorysetup-temp-allocator-size-cloud-worker=32768"
    "memorysetup-temp-allocator-size-gi-baking-worker=262144"
    "memorysetup-temp-allocator-size-gfx=262144"
Refreshing native plugins compatible for Editor in 108.64 ms, found 3 plugins.
Preloading 0 native plugins for Editor in 0.00 ms.
Initialize engine version: 2021.3.2f1 (d6360bedb9a0)
[Subsystems] Discovering subsystems at path /Applications/Unity/Hub/Editor/2021.3.2f1/Unity.app/Contents/Resources/UnitySubsystems
[Subsystems] Discovering subsystems at path /Users/rebby/Documents/GitHub/Game-Design-Lab/Assets
GfxDevice: creating device client; threaded=0; jobified=0
 preferred device: Apple M1 Pro (high power)
Metal devices available: 1
0: Apple M1 Pro (high power)
Using device Apple M1 Pro (high power)
Initializing Metal device caps: Apple M1 Pro
Initialize mono
Mono path[0] = '/Applications/Unity/Hub/Editor/2021.3.2f1/Unity.app/Contents/Managed'
Mono path[1] = '/Applications/Unity/Hub/Editor/2021.3.2f1/Unity.app/Contents/MonoBleedingEdge/lib/mono/unityjit-macos'
Mono config path = '/Applications/Unity/Hub/Editor/2021.3.2f1/Unity.app/Contents/MonoBleedingEdge/etc'
Using monoOptions --debugger-agent=transport=dt_socket,embedding=1,server=y,suspend=n,address=127.0.0.1:56847
Begin MonoManager ReloadAssembly
Registering precompiled unity dll's ...
Register platform support module: /Applications/Unity/Hub/Editor/2021.3.2f1/Unity.app/Contents/PlaybackEngines/MacStandaloneSupport/UnityEditor.OSXStandalone.Extensions.dll
Registered in 0.000970 seconds.
Native extension for OSXStandalone target not found
Refreshing native plugins compatible for Editor in 104.88 ms, found 3 plugins.
Preloading 0 native plugins for Editor in 0.00 ms.
Mono: successfully reloaded assembly
- Completed reload, in  0.461 seconds
Domain Reload Profiling:
	ReloadAssembly (461ms)
		BeginReloadAssembly (68ms)
			ExecutionOrderSort (0ms)
			DisableScriptedObjects (0ms)
			BackupInstance (0ms)
			ReleaseScriptingObjects (0ms)
			CreateAndSetChildDomain (0ms)
		EndReloadAssembly (325ms)
			LoadAssemblies (69ms)
			RebuildTransferFunctionScriptingTraits (0ms)
			SetupTypeCache (69ms)
			ReleaseScriptCaches (0ms)
			RebuildScriptCaches (20ms)
			SetupLoadedEditorAssemblies (209ms)
				LogAssemblyErrors (0ms)
				InitializePlatformSupportModulesInManaged (3ms)
				SetLoadedEditorAssemblies (0ms)
				RefreshPlugins (105ms)
				BeforeProcessingInitializeOnLoad (1ms)
				ProcessInitializeOnLoadAttributes (75ms)
				ProcessInitializeOnLoadMethodAttributes (24ms)
				AfterProcessingInitializeOnLoad (0ms)
				EditorAssembliesLoaded (0ms)
			ExecutionOrderSort2 (0ms)
			AwakeInstancesAfterBackupRestoration (0ms)
Platform modules already initialized, skipping
Registering precompiled user dll's ...
Registered in 0.001519 seconds.
Begin MonoManager ReloadAssembly
Symbol file LoadedFromMemory doesn't match image /Users/rebby/Documents/GitHub/Game-Design-Lab/Library/PackageCache/com.unity.visualscripting@1.7.6/Editor/VisualScripting.Core/Dependencies/YamlDotNet/Unity.VisualScripting.YamlDotNet.dll
Symbol file LoadedFromMemory doesn't match image /Users/rebby/Documents/GitHub/Game-Design-Lab/Library/PackageCache/com.unity.visualscripting@1.7.6/Editor/VisualScripting.Core/Dependencies/DotNetZip/Unity.VisualScripting.IonicZip.dll
Native extension for OSXStandalone target not found
Refreshing native plugins compatible for Editor in 104.12 ms, found 3 plugins.
Preloading 0 native plugins for Editor in 0.00 ms.
Mono: successfully reloaded assembly
- Completed reload, in  0.828 seconds
Domain Reload Profiling:
	ReloadAssembly (828ms)
		BeginReloadAssembly (49ms)
			ExecutionOrderSort (0ms)
			DisableScriptedObjects (3ms)
			BackupInstance (0ms)
			ReleaseScriptingObjects (0ms)
			CreateAndSetChildDomain (12ms)
		EndReloadAssembly (714ms)
			LoadAssemblies (60ms)
			RebuildTransferFunctionScriptingTraits (0ms)
			SetupTypeCache (171ms)
			ReleaseScriptCaches (1ms)
			RebuildScriptCaches (45ms)
			SetupLoadedEditorAssemblies (401ms)
				LogAssemblyErrors (0ms)
				InitializePlatformSupportModulesInManaged (2ms)
				SetLoadedEditorAssemblies (0ms)
				RefreshPlugins (104ms)
				BeforeProcessingInitializeOnLoad (84ms)
				ProcessInitializeOnLoadAttributes (151ms)
				ProcessInitializeOnLoadMethodAttributes (59ms)
				AfterProcessingInitializeOnLoad (1ms)
				EditorAssembliesLoaded (0ms)
			ExecutionOrderSort2 (0ms)
			AwakeInstancesAfterBackupRestoration (2ms)
Platform modules already initialized, skipping
========================================================================
Worker process is ready to serve import requests
Launching external process: /Applications/Unity/Hub/Editor/2021.3.2f1/Unity.app/Contents/Tools/UnityShaderCompiler
Launched and connected shader compiler UnityShaderCompiler after 0.05 seconds
Refreshing native plugins compatible for Editor in 0.69 ms, found 3 plugins.
Preloading 0 native plugins for Editor in 0.00 ms.
Unloading 5536 Unused Serialized files (Serialized files now loaded: 0)
Unloading 47 unused Assets / (0.8 MB). Loaded Objects now: 6008.
Memory consumption went from 363.3 MB to 362.5 MB.
Total: 2.985625 ms (FindLiveObjects: 0.188875 ms CreateObjectMapping: 0.063750 ms MarkObjects: 2.472250 ms  DeleteObjects: 0.260125 ms)

AssetImportParameters requested are different than current active one (requested -> active):
  custom:video-decoder-ogg-theora: a1e56fd34408186e4bbccfd4996cb3dc -> 
  custom:container-muxer-webm: aa71ff27fc2769a1b78a27578f13a17b -> 
  custom:container-demuxer-webm: 4f35f7cbe854078d1ac9338744f61a02 -> 
  custom:video-encoder-webm-vp8: eb34c28f22e8b96e1ab97ce403110664 -> 
  custom:framework-osx-AVFoundation: e770b220cccbd017edd2c1fefb359320 -> 
  custom:audio-encoder-webm-vorbis: bf7c407c2cedff20999df2af8eb42d56 -> 
  custom:container-demuxer-ogg: 62fdf1f143b41e24485cea50d1cbac27 -> 
  custom:video-decoder-webm-vp8: 9c59270c3fd7afecdb556c50c9e8de78 -> 
  custom:audio-decoder-ogg-vorbis: bf7c407c2cedff20999df2af8eb42d56 -> 
========================================================================
Received Import Request.
  Time since last request: 569.691287 seconds.
  path: Assets/Scripts/GameManager.cs
  artifactKey: Guid(4639038a7333d42af9827f4ae45e06f3) Importer(815301076,1909f56bfc062723c751e8b465ee728b)
Start importing Assets/Scripts/GameManager.cs using Guid(4639038a7333d42af9827f4ae45e06f3) Importer(815301076,1909f56bfc062723c751e8b465ee728b)  -> (artifact id: '9e213d345176a77402ba0817438ee42b') in 0.053515 seconds 
========================================================================
Received Import Request.
  Time since last request: 96.576860 seconds.
  path: Assets/Scripts/CentralManager.cs
  artifactKey: Guid(0117a719ff96146a7aa5c7236475a7f3) Importer(815301076,1909f56bfc062723c751e8b465ee728b)
Start importing Assets/Scripts/CentralManager.cs using Guid(0117a719ff96146a7aa5c7236475a7f3) Importer(815301076,1909f56bfc062723c751e8b465ee728b)  -> (artifact id: '7c0513b14cfeef946bcf56dbf1f4c830') in 0.001428 seconds 
========================================================================
Received Import Request.
  Time since last request: 38.391343 seconds.
  path: Assets/Scripts/EnemyController.cs
  artifactKey: Guid(a4a17d56c67414647804a98d2faf0f55) Importer(815301076,1909f56bfc062723c751e8b465ee728b)
Start importing Assets/Scripts/EnemyController.cs using Guid(a4a17d56c67414647804a98d2faf0f55) Importer(815301076,1909f56bfc062723c751e8b465ee728b)  -> (artifact id: '14945473b086605612ea992ab78ffde6') in 0.000689 seconds 
========================================================================
Received Import Request.
  Time since last request: 72.666890 seconds.
  path: Assets/Shaders/mushroomGlow.mat
  artifactKey: Guid(2165305b17d8a4473bcf51727e26dfa9) Importer(815301076,1909f56bfc062723c751e8b465ee728b)
Start importing Assets/Shaders/mushroomGlow.mat using Guid(2165305b17d8a4473bcf51727e26dfa9) Importer(815301076,1909f56bfc062723c751e8b465ee728b)  -> (artifact id: '219941a5d15d4f19c5b1b63022263b67') in 0.619698 seconds 
========================================================================
Received Import Request.
  Time since last request: 0.801239 seconds.
  path: Assets/Rendering/UniversalRenderer.asset
  artifactKey: Guid(e8867cc955206d647acfb9e85a40b278) Importer(815301076,1909f56bfc062723c751e8b465ee728b)
Start importing Assets/Rendering/UniversalRenderer.asset using Guid(e8867cc955206d647acfb9e85a40b278) Importer(815301076,1909f56bfc062723c751e8b465ee728b)  -> (artifact id: 'e196e2ea8102ac7914119fb495ed6a80') in 0.028619 seconds 
========================================================================
Received Import Request.
  Time since last request: 0.572380 seconds.
  path: Assets/Prefabs/BreakableBrick.prefab
  artifactKey: Guid(79adbe3a694dd224396af54620c57ba6) Importer(815301076,1909f56bfc062723c751e8b465ee728b)
Start importing Assets/Prefabs/BreakableBrick.prefab using Guid(79adbe3a694dd224396af54620c57ba6) Importer(815301076,1909f56bfc062723c751e8b465ee728b)  -> (artifact id: '597420462ed0eef18c285389bdd10c3e') in 0.037186 seconds 
========================================================================
Received Import Request.
  Time since last request: 0.000047 seconds.
  path: Assets/Prefabs/HittableSimple.prefab
  artifactKey: Guid(725803ee26d96f34f8049415e7edaad4) Importer(815301076,1909f56bfc062723c751e8b465ee728b)
Start importing Assets/Prefabs/HittableSimple.prefab using Guid(725803ee26d96f34f8049415e7edaad4) Importer(815301076,1909f56bfc062723c751e8b465ee728b)  -> (artifact id: '08182a5b5d618ee0810597320317d922') in 0.006764 seconds 
========================================================================
Received Import Request.
  Time since last request: 0.000086 seconds.
  path: Assets/Prefabs/Debris.prefab
  artifactKey: Guid(8d2235098fca82a4fb45a5594d0008a9) Importer(815301076,1909f56bfc062723c751e8b465ee728b)
Start importing Assets/Prefabs/Debris.prefab using Guid(8d2235098fca82a4fb45a5594d0008a9) Importer(815301076,1909f56bfc062723c751e8b465ee728b)  -> (artifact id: '080e9bd5e59d9278b057e284d96fcc9a') in 0.006433 seconds 
========================================================================
Received Import Request.
  Time since last request: 0.000050 seconds.
  path: Assets/Prefabs/EnemyGreen.prefab
  artifactKey: Guid(7224682fc198c40459c16ea83503cae6) Importer(815301076,1909f56bfc062723c751e8b465ee728b)
Start importing Assets/Prefabs/EnemyGreen.prefab using Guid(7224682fc198c40459c16ea83503cae6) Importer(815301076,1909f56bfc062723c751e8b465ee728b)  -> (artifact id: 'ba4ef48a08b6d291d4a1f3ffed008fba') in 0.015297 seconds 
========================================================================
Received Import Request.
  Time since last request: 0.000077 seconds.
  path: Assets/Prefabs/EnemyGomba.prefab
  artifactKey: Guid(4a0802ea25df59342bbc2b9d0504b8c5) Importer(815301076,1909f56bfc062723c751e8b465ee728b)
Start importing Assets/Prefabs/EnemyGomba.prefab using Guid(4a0802ea25df59342bbc2b9d0504b8c5) Importer(815301076,1909f56bfc062723c751e8b465ee728b)  -> (artifact id: 'dd4670dc9e14c0247ee28d8be38d19a6') in 0.005787 seconds 
========================================================================
Received Import Request.
  Time since last request: 0.000055 seconds.
  path: Assets/Prefabs/ConsumableMushroomSimple.prefab
  artifactKey: Guid(e646cedb53891d5418bd0feb1c06f6e8) Importer(815301076,1909f56bfc062723c751e8b465ee728b)
Start importing Assets/Prefabs/ConsumableMushroomSimple.prefab using Guid(e646cedb53891d5418bd0feb1c06f6e8) Importer(815301076,1909f56bfc062723c751e8b465ee728b)  -> (artifact id: '02d3d9bd887489c1a87b7cb63b89a4aa') in 0.005524 seconds 
========================================================================
Received Import Request.
  Time since last request: 0.000045 seconds.
  path: Assets/Prefabs/ParallaxBG.prefab
  artifactKey: Guid(40f38ad23e42c5f46afb9d589906cb56) Importer(815301076,1909f56bfc062723c751e8b465ee728b)
Start importing Assets/Prefabs/ParallaxBG.prefab using Guid(40f38ad23e42c5f46afb9d589906cb56) Importer(815301076,1909f56bfc062723c751e8b465ee728b)  -> (artifact id: 'ae844027643729706f08a26be664a1b0') in 0.033617 seconds 
Editor requested this worker to shutdown with reason: Scaling down because of idle timeout
AssetImportWorker is now disconnected from the server
Process exiting
