Using pre-set license
Built from '2021.3/staging' branch; Version is '2021.3.2f1 (d6360bedb9a0) revision 14038539'; Using compiler version '192829333'; Build Type 'Release'
OS: 'Windows 10  (10.0.19044) 64bit Professional' Language: 'en' Physical Memory: 16310 MB
BatchMode: 1, IsHumanControllingUs: 0, StartBugReporterOnCrash: 0, Is64bit: 1, IsPro: 1

COMMAND LINE ARGUMENTS:
C:\Program Files\Unity\Hub\Editor\2021.3.2f1\Editor\Unity.exe
-adb2
-batchMode
-noUpm
-name
AssetImportWorker4
-projectPath
C:/Users/User/Game-Design-Lab
-logFile
Logs/AssetImportWorker4.log
-srvPort
52796
Successfully changed project path to: C:/Users/User/Game-Design-Lab
C:/Users/User/Game-Design-Lab
[UnityMemory] Configuration Parameters - Can be set up in boot.config
    "memorysetup-bucket-allocator-granularity=16"
    "memorysetup-bucket-allocator-bucket-count=8"
    "memorysetup-bucket-allocator-block-size=33554432"
    "memorysetup-bucket-allocator-block-count=8"
    "memorysetup-main-allocator-block-size=16777216"
    "memorysetup-thread-allocator-block-size=16777216"
    "memorysetup-gfx-main-allocator-block-size=16777216"
    "memorysetup-gfx-thread-allocator-block-size=16777216"
    "memorysetup-cache-allocator-block-size=4194304"
    "memorysetup-typetree-allocator-block-size=2097152"
    "memorysetup-profiler-bucket-allocator-granularity=16"
    "memorysetup-profiler-bucket-allocator-bucket-count=8"
    "memorysetup-profiler-bucket-allocator-block-size=33554432"
    "memorysetup-profiler-bucket-allocator-block-count=8"
    "memorysetup-profiler-allocator-block-size=16777216"
    "memorysetup-profiler-editor-allocator-block-size=1048576"
    "memorysetup-temp-allocator-size-main=16777216"
    "memorysetup-job-temp-allocator-block-size=2097152"
    "memorysetup-job-temp-allocator-block-size-background=1048576"
    "memorysetup-job-temp-allocator-reduction-small-platforms=262144"
    "memorysetup-temp-allocator-size-background-worker=32768"
    "memorysetup-temp-allocator-size-job-worker=262144"
    "memorysetup-temp-allocator-size-preload-manager=33554432"
    "memorysetup-temp-allocator-size-nav-mesh-worker=65536"
    "memorysetup-temp-allocator-size-audio-worker=65536"
    "memorysetup-temp-allocator-size-cloud-worker=32768"
    "memorysetup-temp-allocator-size-gi-baking-worker=262144"
    "memorysetup-temp-allocator-size-gfx=262144"
Refreshing native plugins compatible for Editor in 118.05 ms, found 4 plugins.
Preloading 0 native plugins for Editor in 0.00 ms.
Initialize engine version: 2021.3.2f1 (d6360bedb9a0)
[Subsystems] Discovering subsystems at path C:/Program Files/Unity/Hub/Editor/2021.3.2f1/Editor/Data/Resources/UnitySubsystems
[Subsystems] Discovering subsystems at path C:/Users/User/Game-Design-Lab/Assets
GfxDevice: creating device client; threaded=0; jobified=0
Direct3D:
    Version:  Direct3D 11.0 [level 11.1]
    Renderer: NVIDIA GeForce RTX 3060 (ID=0x2504)
    Vendor:   NVIDIA
    VRAM:     12143 MB
    Driver:   30.0.14.7212
Initialize mono
Mono path[0] = 'C:/Program Files/Unity/Hub/Editor/2021.3.2f1/Editor/Data/Managed'
Mono path[1] = 'C:/Program Files/Unity/Hub/Editor/2021.3.2f1/Editor/Data/MonoBleedingEdge/lib/mono/unityjit-win32'
Mono config path = 'C:/Program Files/Unity/Hub/Editor/2021.3.2f1/Editor/Data/MonoBleedingEdge/etc'
Using monoOptions --debugger-agent=transport=dt_socket,embedding=1,server=y,suspend=n,address=127.0.0.1:56888
Begin MonoManager ReloadAssembly
Registering precompiled unity dll's ...
Register platform support module: C:/Program Files/Unity/Hub/Editor/2021.3.2f1/Editor/Data/PlaybackEngines/WebGLSupport/UnityEditor.WebGL.Extensions.dll
Register platform support module: C:/Program Files/Unity/Hub/Editor/2021.3.2f1/Editor/Data/PlaybackEngines/WindowsStandaloneSupport/UnityEditor.WindowsStandalone.Extensions.dll
Registered in 0.005404 seconds.
Native extension for WindowsStandalone target not found
Native extension for WebGL target not found
Refreshing native plugins compatible for Editor in 87.09 ms, found 4 plugins.
Preloading 0 native plugins for Editor in 0.00 ms.
Mono: successfully reloaded assembly
- Completed reload, in  0.480 seconds
Domain Reload Profiling:
	ReloadAssembly (481ms)
		BeginReloadAssembly (64ms)
			ExecutionOrderSort (0ms)
			DisableScriptedObjects (0ms)
			BackupInstance (0ms)
			ReleaseScriptingObjects (0ms)
			CreateAndSetChildDomain (1ms)
		EndReloadAssembly (331ms)
			LoadAssemblies (62ms)
			RebuildTransferFunctionScriptingTraits (0ms)
			SetupTypeCache (66ms)
			ReleaseScriptCaches (0ms)
			RebuildScriptCaches (18ms)
			SetupLoadedEditorAssemblies (211ms)
				LogAssemblyErrors (0ms)
				InitializePlatformSupportModulesInManaged (6ms)
				SetLoadedEditorAssemblies (0ms)
				RefreshPlugins (87ms)
				BeforeProcessingInitializeOnLoad (1ms)
				ProcessInitializeOnLoadAttributes (85ms)
				ProcessInitializeOnLoadMethodAttributes (31ms)
				AfterProcessingInitializeOnLoad (0ms)
				EditorAssembliesLoaded (0ms)
			ExecutionOrderSort2 (0ms)
			AwakeInstancesAfterBackupRestoration (0ms)
Platform modules already initialized, skipping
Registering precompiled user dll's ...
Registered in 0.005727 seconds.
Begin MonoManager ReloadAssembly
Symbol file LoadedFromMemory doesn't match image C:\Users\User\Game-Design-Lab\Library\PackageCache\com.unity.visualscripting@1.7.6\Editor\VisualScripting.Core\Dependencies\YamlDotNet\Unity.VisualScripting.YamlDotNet.dll
Symbol file LoadedFromMemory doesn't match image C:\Users\User\Game-Design-Lab\Library\PackageCache\com.unity.visualscripting@1.7.6\Editor\VisualScripting.Core\Dependencies\DotNetZip\Unity.VisualScripting.IonicZip.dll
Native extension for WindowsStandalone target not found
Native extension for WebGL target not found
Refreshing native plugins compatible for Editor in 89.79 ms, found 4 plugins.
Preloading 0 native plugins for Editor in 0.00 ms.
Mono: successfully reloaded assembly
- Completed reload, in  0.911 seconds
Domain Reload Profiling:
	ReloadAssembly (912ms)
		BeginReloadAssembly (81ms)
			ExecutionOrderSort (0ms)
			DisableScriptedObjects (4ms)
			BackupInstance (0ms)
			ReleaseScriptingObjects (0ms)
			CreateAndSetChildDomain (15ms)
		EndReloadAssembly (749ms)
			LoadAssemblies (66ms)
			RebuildTransferFunctionScriptingTraits (0ms)
			SetupTypeCache (175ms)
			ReleaseScriptCaches (1ms)
			RebuildScriptCaches (43ms)
			SetupLoadedEditorAssemblies (437ms)
				LogAssemblyErrors (0ms)
				InitializePlatformSupportModulesInManaged (5ms)
				SetLoadedEditorAssemblies (0ms)
				RefreshPlugins (90ms)
				BeforeProcessingInitializeOnLoad (95ms)
				ProcessInitializeOnLoadAttributes (173ms)
				ProcessInitializeOnLoadMethodAttributes (68ms)
				AfterProcessingInitializeOnLoad (5ms)
				EditorAssembliesLoaded (0ms)
			ExecutionOrderSort2 (0ms)
			AwakeInstancesAfterBackupRestoration (5ms)
Platform modules already initialized, skipping
========================================================================
Worker process is ready to serve import requests
Launched and connected shader compiler UnityShaderCompiler.exe after 0.04 seconds
Refreshing native plugins compatible for Editor in 0.98 ms, found 4 plugins.
Preloading 0 native plugins for Editor in 0.00 ms.
Unloading 5475 Unused Serialized files (Serialized files now loaded: 0)
Unloading 48 unused Assets / (0.9 MB). Loaded Objects now: 5926.
Memory consumption went from 211.0 MB to 210.1 MB.
Total: 3.360300 ms (FindLiveObjects: 0.320500 ms CreateObjectMapping: 0.133100 ms MarkObjects: 2.570400 ms  DeleteObjects: 0.335400 ms)

AssetImportParameters requested are different than current active one (requested -> active):
  custom:video-decoder-ogg-theora: a1e56fd34408186e4bbccfd4996cb3dc -> 
  custom:container-muxer-webm: aa71ff27fc2769a1b78a27578f13a17b -> 
  custom:container-demuxer-webm: 4f35f7cbe854078d1ac9338744f61a02 -> 
  custom:video-encoder-webm-vp8: eb34c28f22e8b96e1ab97ce403110664 -> 
  custom:audio-encoder-webm-vorbis: bf7c407c2cedff20999df2af8eb42d56 -> 
  custom:framework-win-MediaFoundation: 216162199b28c13a410421893ffa2e32 -> 
  custom:container-demuxer-ogg: 62fdf1f143b41e24485cea50d1cbac27 -> 
  custom:video-decoder-webm-vp8: 9c59270c3fd7afecdb556c50c9e8de78 -> 
  custom:audio-decoder-ogg-vorbis: bf7c407c2cedff20999df2af8eb42d56 -> 
========================================================================
Received Import Request.
  Time since last request: 1141050.114110 seconds.
  path: Assets/UniversalRenderPipelineGlobalSettings.asset
  artifactKey: Guid(63ad029a1e5537f4eb79a2622e8893a0) Importer(815301076,1909f56bfc062723c751e8b465ee728b)
Start importing Assets/UniversalRenderPipelineGlobalSettings.asset using Guid(63ad029a1e5537f4eb79a2622e8893a0) Importer(815301076,1909f56bfc062723c751e8b465ee728b)  -> (artifact id: '5498a66eac0b35b51c48b7b810f81252') in 0.026832 seconds 
========================================================================
Received Import Request.
  Time since last request: 1.022484 seconds.
  path: Assets
  artifactKey: Guid(00000000000000001000000000000000) Importer(815301076,1909f56bfc062723c751e8b465ee728b)
Start importing Assets using Guid(00000000000000001000000000000000) Importer(815301076,1909f56bfc062723c751e8b465ee728b)  -> (artifact id: '79842766b460edbeab6a34051e857a80') in 0.004452 seconds 
========================================================================
Received Import Request.
  Time since last request: 14.049000 seconds.
  path: Assets/Rendering
  artifactKey: Guid(d6c31de3a29f1724ea008115b8b84cdc) Importer(815301076,1909f56bfc062723c751e8b465ee728b)
Start importing Assets/Rendering using Guid(d6c31de3a29f1724ea008115b8b84cdc) Importer(815301076,1909f56bfc062723c751e8b465ee728b)  -> (artifact id: 'db25669946884287e321f245ae33afe5') in 0.004760 seconds 
========================================================================
Received Import Request.
  Time since last request: 36.386249 seconds.
  path: Assets/Rendering/New Universal Render Pipeline Asset.asset
  artifactKey: Guid(ec0b20b0a092bfa41b6f794d9d2773cb) Importer(815301076,1909f56bfc062723c751e8b465ee728b)
Start importing Assets/Rendering/New Universal Render Pipeline Asset.asset using Guid(ec0b20b0a092bfa41b6f794d9d2773cb) Importer(815301076,1909f56bfc062723c751e8b465ee728b)  -> (artifact id: 'd0087de92746627034b6916f16c43653') in 0.032013 seconds 
========================================================================
Received Import Request.
  Time since last request: 22.708379 seconds.
  path: Assets/Rendering/New Universal Render Pipeline Asset_Renderer.asset
  artifactKey: Guid(5aa1272f3fc1cf94e92ee40235fe1cfb) Importer(815301076,1909f56bfc062723c751e8b465ee728b)
Start importing Assets/Rendering/New Universal Render Pipeline Asset_Renderer.asset using Guid(5aa1272f3fc1cf94e92ee40235fe1cfb) Importer(815301076,1909f56bfc062723c751e8b465ee728b)  -> (artifact id: 'cb023d4e22437c2e4eee71eace90c122') in 0.021118 seconds 
========================================================================
Received Prepare
Switching render pipeline 00000000000000000000000000000000 -> ec0b20b0a092bfa41b6f794d9d2773cb
Refreshing native plugins compatible for Editor in 4.39 ms, found 4 plugins.
Preloading 0 native plugins for Editor in 0.00 ms.
Unloading 82 Unused Serialized files (Serialized files now loaded: 0)
Unloading 35 unused Assets / (0.8 MB). Loaded Objects now: 5973.
Memory consumption went from 100.0 MB to 99.2 MB.
Total: 3.805900 ms (FindLiveObjects: 0.530400 ms CreateObjectMapping: 0.166200 ms MarkObjects: 2.811100 ms  DeleteObjects: 0.297700 ms)

AssetImportParameters requested are different than current active one (requested -> active):
  custom:video-decoder-ogg-theora: a1e56fd34408186e4bbccfd4996cb3dc -> 
  custom:container-muxer-webm: aa71ff27fc2769a1b78a27578f13a17b -> 
  custom:container-demuxer-webm: 4f35f7cbe854078d1ac9338744f61a02 -> 
  custom:video-encoder-webm-vp8: eb34c28f22e8b96e1ab97ce403110664 -> 
  custom:audio-encoder-webm-vorbis: bf7c407c2cedff20999df2af8eb42d56 -> 
  custom:framework-win-MediaFoundation: 216162199b28c13a410421893ffa2e32 -> 
  custom:container-demuxer-ogg: 62fdf1f143b41e24485cea50d1cbac27 -> 
  custom:video-decoder-webm-vp8: 9c59270c3fd7afecdb556c50c9e8de78 -> 
  custom:audio-decoder-ogg-vorbis: bf7c407c2cedff20999df2af8eb42d56 -> 
========================================================================
Received Import Request.
  Time since last request: 74.077438 seconds.
  path: Assets/Rendering/UniversalRendderPipelineAsset.asset
  artifactKey: Guid(ec0b20b0a092bfa41b6f794d9d2773cb) Importer(815301076,1909f56bfc062723c751e8b465ee728b)
Start importing Assets/Rendering/UniversalRendderPipelineAsset.asset using Guid(ec0b20b0a092bfa41b6f794d9d2773cb) Importer(815301076,1909f56bfc062723c751e8b465ee728b)  -> (artifact id: '561a58706498edf231faeea4d84331f6') in 0.008784 seconds 
========================================================================
Received Import Request.
  Time since last request: 20.130830 seconds.
  path: Assets/Rendering/UniversalRendderPipelineAsset_Renderer.asset
  artifactKey: Guid(5aa1272f3fc1cf94e92ee40235fe1cfb) Importer(815301076,1909f56bfc062723c751e8b465ee728b)
Start importing Assets/Rendering/UniversalRendderPipelineAsset_Renderer.asset using Guid(5aa1272f3fc1cf94e92ee40235fe1cfb) Importer(815301076,1909f56bfc062723c751e8b465ee728b)  -> (artifact id: '64010589d4008deb4619ca7b7bdf4ca4') in 0.006426 seconds 
========================================================================
Received Import Request.
  Time since last request: 42.540284 seconds.
  path: Assets/Rendering/New 2D Renderer Data.asset
  artifactKey: Guid(20e43fb2535cafb469ce6b164691c05e) Importer(815301076,1909f56bfc062723c751e8b465ee728b)
Start importing Assets/Rendering/New 2D Renderer Data.asset using Guid(20e43fb2535cafb469ce6b164691c05e) Importer(815301076,1909f56bfc062723c751e8b465ee728b)  -> (artifact id: 'bdae86005b29309009efb10afeb60831') in 0.004777 seconds 
========================================================================
Received Import Request.
  Time since last request: 42.139374 seconds.
  path: Assets/Rendering/2D Renderer Data.asset
  artifactKey: Guid(20e43fb2535cafb469ce6b164691c05e) Importer(815301076,1909f56bfc062723c751e8b465ee728b)
Start importing Assets/Rendering/2D Renderer Data.asset using Guid(20e43fb2535cafb469ce6b164691c05e) Importer(815301076,1909f56bfc062723c751e8b465ee728b)  -> (artifact id: '1b473d7ecfb24a434fda1356bb1351b4') in 0.006347 seconds 
========================================================================
Received Import Request.
  Time since last request: 120.896521 seconds.
  path: Assets/Sprite/Break.prefab
  artifactKey: Guid(68dc840ab62f7450896eb3dd3cf04a68) Importer(815301076,1909f56bfc062723c751e8b465ee728b)
Start importing Assets/Sprite/Break.prefab using Guid(68dc840ab62f7450896eb3dd3cf04a68) Importer(815301076,1909f56bfc062723c751e8b465ee728b)  -> (artifact id: '2c049a78e35af1c0ba8915d2a3d29e99') in 0.160651 seconds 
========================================================================
Received Import Request.
  Time since last request: 0.000021 seconds.
  path: Assets/Sprite/tiles.png
  artifactKey: Guid(855dc7396df3c4e49ac4d21234eac5e1) Importer(815301076,1909f56bfc062723c751e8b465ee728b)
Start importing Assets/Sprite/tiles.png using Guid(855dc7396df3c4e49ac4d21234eac5e1) Importer(815301076,1909f56bfc062723c751e8b465ee728b)  -> (artifact id: '2c6dd0b88b4170aa8ddc6e1542b963ca') in 1.018157 seconds 
========================================================================
Received Import Request.
  Time since last request: 0.744800 seconds.
  path: Assets/Sprite/Parallax Forest Background (Seamless)/Parallax Forest Background - Blue/01_Mist.png
  artifactKey: Guid(dbd4f03eee9b6ba4187772590eb5aa6b) Importer(815301076,1909f56bfc062723c751e8b465ee728b)
Start importing Assets/Sprite/Parallax Forest Background (Seamless)/Parallax Forest Background - Blue/01_Mist.png using Guid(dbd4f03eee9b6ba4187772590eb5aa6b) Importer(815301076,1909f56bfc062723c751e8b465ee728b)  -> (artifact id: '47baf3279524ba142f3991714f9a515c') in 0.120030 seconds 
========================================================================
Received Import Request.
  Time since last request: 0.000019 seconds.
  path: Assets/Sprite/Parallax Forest Background (Seamless)/Parallax Forest Background - Blue/06_Forest.png
  artifactKey: Guid(7dd9986723a034049b4de550808b3674) Importer(815301076,1909f56bfc062723c751e8b465ee728b)
Start importing Assets/Sprite/Parallax Forest Background (Seamless)/Parallax Forest Background - Blue/06_Forest.png using Guid(7dd9986723a034049b4de550808b3674) Importer(815301076,1909f56bfc062723c751e8b465ee728b)  -> (artifact id: 'dce1f32fb1f82241091944e8e2bb7021') in 0.134245 seconds 
========================================================================
Received Import Request.
  Time since last request: 0.000028 seconds.
  path: Assets/Sprite/Parallax Forest Background (Seamless)/Parallax Forest Background - Blue/05_Particles.png
  artifactKey: Guid(a66d0020314b0114699978674fd4b630) Importer(815301076,1909f56bfc062723c751e8b465ee728b)
Start importing Assets/Sprite/Parallax Forest Background (Seamless)/Parallax Forest Background - Blue/05_Particles.png using Guid(a66d0020314b0114699978674fd4b630) Importer(815301076,1909f56bfc062723c751e8b465ee728b)  -> (artifact id: '308567c16b1b9a715e6ffb48e704fd60') in 0.066962 seconds 
========================================================================
Received Import Request.
  Time since last request: 0.000031 seconds.
  path: Assets/Sprite/Parallax Forest Background (Seamless)/Parallax Forest Background - Blue/BG0.mat
  artifactKey: Guid(07b0aea986065b243b79103c8e8ee972) Importer(815301076,1909f56bfc062723c751e8b465ee728b)
Start importing Assets/Sprite/Parallax Forest Background (Seamless)/Parallax Forest Background - Blue/BG0.mat using Guid(07b0aea986065b243b79103c8e8ee972) Importer(815301076,1909f56bfc062723c751e8b465ee728b)  -> (artifact id: '01eaa83a3623d319f6928ef733eaca85') in 0.020060 seconds 
========================================================================
Received Import Request.
  Time since last request: 0.000023 seconds.
  path: Assets/Sprite/Parallax Forest Background (Seamless)/Parallax Forest Background - Blue/08_Forest.png
  artifactKey: Guid(ec5734b9710737b4880e3f7cb6eda5fe) Importer(815301076,1909f56bfc062723c751e8b465ee728b)
Start importing Assets/Sprite/Parallax Forest Background (Seamless)/Parallax Forest Background - Blue/08_Forest.png using Guid(ec5734b9710737b4880e3f7cb6eda5fe) Importer(815301076,1909f56bfc062723c751e8b465ee728b)  -> (artifact id: 'baa11c8f60b537925f0f847536b0a47f') in 0.073554 seconds 
========================================================================
Received Import Request.
  Time since last request: 0.000021 seconds.
  path: Assets/Sprite/Parallax Forest Background (Seamless)/Parallax Forest Background - Blue/07_Forest.png
  artifactKey: Guid(d730c80326c33204fbd696e93cecfbab) Importer(815301076,1909f56bfc062723c751e8b465ee728b)
Start importing Assets/Sprite/Parallax Forest Background (Seamless)/Parallax Forest Background - Blue/07_Forest.png using Guid(d730c80326c33204fbd696e93cecfbab) Importer(815301076,1909f56bfc062723c751e8b465ee728b)  -> (artifact id: 'b89c14acd3ae2d4955c181c422f40388') in 0.077437 seconds 
========================================================================
Received Import Request.
  Time since last request: 0.000021 seconds.
  path: Assets/Sprite/Parallax Forest Background (Seamless)/Parallax Forest Background - Blue/BG4.mat
  artifactKey: Guid(9d192b6eb39f77d4a87f2f08f9b302be) Importer(815301076,1909f56bfc062723c751e8b465ee728b)
Start importing Assets/Sprite/Parallax Forest Background (Seamless)/Parallax Forest Background - Blue/BG4.mat using Guid(9d192b6eb39f77d4a87f2f08f9b302be) Importer(815301076,1909f56bfc062723c751e8b465ee728b)  -> (artifact id: '0d45fc8fec571c5c8e226e75663602c6') in 0.011424 seconds 
========================================================================
Received Import Request.
  Time since last request: 0.000025 seconds.
  path: Assets/Sprite/Parallax Forest Background (Seamless)/Parallax Forest Background - Blue/10_Sky.png
  artifactKey: Guid(9bd3124c62de5c844bb2e4e80216dabe) Importer(815301076,1909f56bfc062723c751e8b465ee728b)
Start importing Assets/Sprite/Parallax Forest Background (Seamless)/Parallax Forest Background - Blue/10_Sky.png using Guid(9bd3124c62de5c844bb2e4e80216dabe) Importer(815301076,1909f56bfc062723c751e8b465ee728b)  -> (artifact id: 'f48f6dfb21e83668a1f0bd8ec2a4c171') in 0.070270 seconds 
========================================================================
Received Import Request.
  Time since last request: 2.454683 seconds.
  path: Assets/Sprite/Parallax Forest Background (Seamless)/Read Me.txt
  artifactKey: Guid(364f92b8b5d647549863e619bd2d8d39) Importer(815301076,1909f56bfc062723c751e8b465ee728b)
Start importing Assets/Sprite/Parallax Forest Background (Seamless)/Read Me.txt using Guid(364f92b8b5d647549863e619bd2d8d39) Importer(815301076,1909f56bfc062723c751e8b465ee728b)  -> (artifact id: '5f85a5ebc1781504eb1ed4af7209b4d8') in 0.008271 seconds 
========================================================================
Received Import Request.
  Time since last request: 28.203950 seconds.
  path: Assets/Sprite/Parallax Forest Background (Seamless)/Parallax Forest Background - Blue/BG0 1.mat
  artifactKey: Guid(0f429da47ffa47947ad39aac961e13f7) Importer(815301076,1909f56bfc062723c751e8b465ee728b)
Start importing Assets/Sprite/Parallax Forest Background (Seamless)/Parallax Forest Background - Blue/BG0 1.mat using Guid(0f429da47ffa47947ad39aac961e13f7) Importer(815301076,1909f56bfc062723c751e8b465ee728b)  -> (artifact id: '99aaa0644d94f68c451402c03fc8b8dc') in 0.088249 seconds 
========================================================================
Received Import Request.
  Time since last request: 0.034148 seconds.
  path: Assets/Sprite/Parallax Forest Background (Seamless)/Parallax Forest Background - Blue/BG0 2.mat
  artifactKey: Guid(ccf06222590c6854f8fa5da7142d663f) Importer(815301076,1909f56bfc062723c751e8b465ee728b)
Start importing Assets/Sprite/Parallax Forest Background (Seamless)/Parallax Forest Background - Blue/BG0 2.mat using Guid(ccf06222590c6854f8fa5da7142d663f) Importer(815301076,1909f56bfc062723c751e8b465ee728b)  -> (artifact id: 'f75eb852ff932cacdc1218f886ea18b8') in 0.011690 seconds 
========================================================================
Received Import Request.
  Time since last request: 0.101837 seconds.
  path: Assets/Sprite/Parallax Forest Background (Seamless)/Parallax Forest Background - Blue/BG0 3.mat
  artifactKey: Guid(8fcf52afbf6a0954daa7f8716e32d97d) Importer(815301076,1909f56bfc062723c751e8b465ee728b)
Start importing Assets/Sprite/Parallax Forest Background (Seamless)/Parallax Forest Background - Blue/BG0 3.mat using Guid(8fcf52afbf6a0954daa7f8716e32d97d) Importer(815301076,1909f56bfc062723c751e8b465ee728b)  -> (artifact id: 'cf9478b99e3ae29e25b0f4c4131b6f70') in 0.014048 seconds 
========================================================================
Received Import Request.
  Time since last request: 0.167434 seconds.
  path: Assets/Sprite/Parallax Forest Background (Seamless)/Parallax Forest Background - Blue/BG0 4.mat
  artifactKey: Guid(c4d067288c1f05846a6b881cc78dffa2) Importer(815301076,1909f56bfc062723c751e8b465ee728b)
Start importing Assets/Sprite/Parallax Forest Background (Seamless)/Parallax Forest Background - Blue/BG0 4.mat using Guid(c4d067288c1f05846a6b881cc78dffa2) Importer(815301076,1909f56bfc062723c751e8b465ee728b)  -> (artifact id: 'fdccfa24a90dd5f5fd99085f34cab8d6') in 0.011023 seconds 
========================================================================
Received Import Request.
  Time since last request: 0.179205 seconds.
  path: Assets/Sprite/Parallax Forest Background (Seamless)/Parallax Forest Background - Blue/BG0 5.mat
  artifactKey: Guid(e0b346e94fec8ff459c3b2fc4b038ff5) Importer(815301076,1909f56bfc062723c751e8b465ee728b)
Start importing Assets/Sprite/Parallax Forest Background (Seamless)/Parallax Forest Background - Blue/BG0 5.mat using Guid(e0b346e94fec8ff459c3b2fc4b038ff5) Importer(815301076,1909f56bfc062723c751e8b465ee728b)  -> (artifact id: '265a1b7c004177643349ba7f6f92f8a1') in 0.010699 seconds 
========================================================================
Received Import Request.
  Time since last request: 39.990653 seconds.
  path: Assets/Sprite/Parallax Forest Background (Seamless)/Parallax Forest Background - Blue/BG1.mat
  artifactKey: Guid(0f429da47ffa47947ad39aac961e13f7) Importer(815301076,1909f56bfc062723c751e8b465ee728b)
Start importing Assets/Sprite/Parallax Forest Background (Seamless)/Parallax Forest Background - Blue/BG1.mat using Guid(0f429da47ffa47947ad39aac961e13f7) Importer(815301076,1909f56bfc062723c751e8b465ee728b)  -> (artifact id: '4fe39cb41686204dd16b3a2c36aa5f57') in 0.009903 seconds 
========================================================================
Received Import Request.
  Time since last request: 15.224815 seconds.
  path: Assets/Sprite/Parallax Forest Background (Seamless)/Parallax Forest Background - Blue/BG0.mat
  artifactKey: Guid(0f429da47ffa47947ad39aac961e13f7) Importer(815301076,1909f56bfc062723c751e8b465ee728b)
Start importing Assets/Sprite/Parallax Forest Background (Seamless)/Parallax Forest Background - Blue/BG0.mat using Guid(0f429da47ffa47947ad39aac961e13f7) Importer(815301076,1909f56bfc062723c751e8b465ee728b)  -> (artifact id: '631c00392d4e06a22496d4e48363485e') in 0.010368 seconds 
========================================================================
Received Import Request.
  Time since last request: 5.148578 seconds.
  path: Assets/Sprite/Parallax Forest Background (Seamless)/Parallax Forest Background - Blue/BG1.mat
  artifactKey: Guid(ccf06222590c6854f8fa5da7142d663f) Importer(815301076,1909f56bfc062723c751e8b465ee728b)
Start importing Assets/Sprite/Parallax Forest Background (Seamless)/Parallax Forest Background - Blue/BG1.mat using Guid(ccf06222590c6854f8fa5da7142d663f) Importer(815301076,1909f56bfc062723c751e8b465ee728b)  -> (artifact id: 'aca15c1dd382102812143c46db82ae83') in 0.010505 seconds 
========================================================================
Received Import Request.
  Time since last request: 7.794765 seconds.
  path: Assets/Sprite/Parallax Forest Background (Seamless)/Parallax Forest Background - Blue/BG2.mat
  artifactKey: Guid(8fcf52afbf6a0954daa7f8716e32d97d) Importer(815301076,1909f56bfc062723c751e8b465ee728b)
Start importing Assets/Sprite/Parallax Forest Background (Seamless)/Parallax Forest Background - Blue/BG2.mat using Guid(8fcf52afbf6a0954daa7f8716e32d97d) Importer(815301076,1909f56bfc062723c751e8b465ee728b)  -> (artifact id: '1df5c121b5f2d6694015713a7fcb1566') in 0.013284 seconds 
========================================================================
Received Import Request.
  Time since last request: 5.841139 seconds.
  path: Assets/Sprite/Parallax Forest Background (Seamless)/Parallax Forest Background - Blue/BG3.mat
  artifactKey: Guid(c4d067288c1f05846a6b881cc78dffa2) Importer(815301076,1909f56bfc062723c751e8b465ee728b)
Start importing Assets/Sprite/Parallax Forest Background (Seamless)/Parallax Forest Background - Blue/BG3.mat using Guid(c4d067288c1f05846a6b881cc78dffa2) Importer(815301076,1909f56bfc062723c751e8b465ee728b)  -> (artifact id: '86c34bd8f4f30f438eb0c3e475b22df5') in 0.009657 seconds 
========================================================================
Received Import Request.
  Time since last request: 5.273098 seconds.
  path: Assets/Sprite/Parallax Forest Background (Seamless)/Parallax Forest Background - Blue/BG4.mat
  artifactKey: Guid(e0b346e94fec8ff459c3b2fc4b038ff5) Importer(815301076,1909f56bfc062723c751e8b465ee728b)
Start importing Assets/Sprite/Parallax Forest Background (Seamless)/Parallax Forest Background - Blue/BG4.mat using Guid(e0b346e94fec8ff459c3b2fc4b038ff5) Importer(815301076,1909f56bfc062723c751e8b465ee728b)  -> (artifact id: 'cbb70c7f6be164a6ef270753992f822a') in 0.011217 seconds 
========================================================================
Received Import Request.
  Time since last request: 4.231884 seconds.
  path: Assets/Sprite/Parallax Forest Background (Seamless)/Parallax Forest Background - Blue/BG4 1.mat
  artifactKey: Guid(6b462401ff389fb4db8425961d087e97) Importer(815301076,1909f56bfc062723c751e8b465ee728b)
Start importing Assets/Sprite/Parallax Forest Background (Seamless)/Parallax Forest Background - Blue/BG4 1.mat using Guid(6b462401ff389fb4db8425961d087e97) Importer(815301076,1909f56bfc062723c751e8b465ee728b)  -> (artifact id: '528df52e49bcf133b5065b39a6a56469') in 0.017600 seconds 
========================================================================
Received Import Request.
  Time since last request: 3.432991 seconds.
  path: Assets/Sprite/Parallax Forest Background (Seamless)/Parallax Forest Background - Blue/BG5.mat
  artifactKey: Guid(6b462401ff389fb4db8425961d087e97) Importer(815301076,1909f56bfc062723c751e8b465ee728b)
Start importing Assets/Sprite/Parallax Forest Background (Seamless)/Parallax Forest Background - Blue/BG5.mat using Guid(6b462401ff389fb4db8425961d087e97) Importer(815301076,1909f56bfc062723c751e8b465ee728b)  -> (artifact id: '9627a0128e3b06b037cadb64a04320f2') in 0.012353 seconds 
========================================================================
Received Import Request.
  Time since last request: 1.012146 seconds.
  path: Assets/Sprite/Parallax Forest Background (Seamless)/Parallax Forest Background - Blue/BG4 1.mat
  artifactKey: Guid(e2ded9a1899d78946b82a439ec0e4bf0) Importer(815301076,1909f56bfc062723c751e8b465ee728b)
Start importing Assets/Sprite/Parallax Forest Background (Seamless)/Parallax Forest Background - Blue/BG4 1.mat using Guid(e2ded9a1899d78946b82a439ec0e4bf0) Importer(815301076,1909f56bfc062723c751e8b465ee728b)  -> (artifact id: 'a445423e5481f46f81fc4b8d17c14964') in 0.011182 seconds 
========================================================================
Received Import Request.
  Time since last request: 4.136614 seconds.
  path: Assets/Sprite/Parallax Forest Background (Seamless)/Parallax Forest Background - Blue/BG6.mat
  artifactKey: Guid(e2ded9a1899d78946b82a439ec0e4bf0) Importer(815301076,1909f56bfc062723c751e8b465ee728b)
Start importing Assets/Sprite/Parallax Forest Background (Seamless)/Parallax Forest Background - Blue/BG6.mat using Guid(e2ded9a1899d78946b82a439ec0e4bf0) Importer(815301076,1909f56bfc062723c751e8b465ee728b)  -> (artifact id: '143b7885cefc5452825ee2e49713e8ca') in 0.012171 seconds 
========================================================================
Received Import Request.
  Time since last request: 1.056389 seconds.
  path: Assets/Sprite/Parallax Forest Background (Seamless)/Parallax Forest Background - Blue/BG4 1.mat
  artifactKey: Guid(ed032cd9b0a189e4aa7541ab28c0f241) Importer(815301076,1909f56bfc062723c751e8b465ee728b)
Start importing Assets/Sprite/Parallax Forest Background (Seamless)/Parallax Forest Background - Blue/BG4 1.mat using Guid(ed032cd9b0a189e4aa7541ab28c0f241) Importer(815301076,1909f56bfc062723c751e8b465ee728b)  -> (artifact id: '8a63bfab8696547bde9be1f6b9580d11') in 0.014317 seconds 
========================================================================
Received Import Request.
  Time since last request: 3.675113 seconds.
  path: Assets/Sprite/Parallax Forest Background (Seamless)/Parallax Forest Background - Blue/BG7.mat
  artifactKey: Guid(ed032cd9b0a189e4aa7541ab28c0f241) Importer(815301076,1909f56bfc062723c751e8b465ee728b)
Start importing Assets/Sprite/Parallax Forest Background (Seamless)/Parallax Forest Background - Blue/BG7.mat using Guid(ed032cd9b0a189e4aa7541ab28c0f241) Importer(815301076,1909f56bfc062723c751e8b465ee728b)  -> (artifact id: 'd2067e430f542c139b27056dba572f2c') in 0.012198 seconds 
========================================================================
Received Import Request.
  Time since last request: 1.079976 seconds.
  path: Assets/Sprite/Parallax Forest Background (Seamless)/Parallax Forest Background - Blue/BG4 1.mat
  artifactKey: Guid(2580b21170a676b49bcb2eefb5c608fd) Importer(815301076,1909f56bfc062723c751e8b465ee728b)
Start importing Assets/Sprite/Parallax Forest Background (Seamless)/Parallax Forest Background - Blue/BG4 1.mat using Guid(2580b21170a676b49bcb2eefb5c608fd) Importer(815301076,1909f56bfc062723c751e8b465ee728b)  -> (artifact id: '00a8c7040d89d09ac742cc1e58cb32e4') in 0.010371 seconds 
========================================================================
Received Import Request.
  Time since last request: 3.851010 seconds.
  path: Assets/Sprite/Parallax Forest Background (Seamless)/Parallax Forest Background - Blue/BG8.mat
  artifactKey: Guid(2580b21170a676b49bcb2eefb5c608fd) Importer(815301076,1909f56bfc062723c751e8b465ee728b)
Start importing Assets/Sprite/Parallax Forest Background (Seamless)/Parallax Forest Background - Blue/BG8.mat using Guid(2580b21170a676b49bcb2eefb5c608fd) Importer(815301076,1909f56bfc062723c751e8b465ee728b)  -> (artifact id: '797e70dc85a3f7d8f1f34277249f4726') in 0.012167 seconds 
========================================================================
Received Import Request.
  Time since last request: 1.780762 seconds.
  path: Assets/Sprite/Parallax Forest Background (Seamless)/Parallax Forest Background - Blue/BG4 1.mat
  artifactKey: Guid(3be306dc7f355754c960a303b1fbb9d2) Importer(815301076,1909f56bfc062723c751e8b465ee728b)
Start importing Assets/Sprite/Parallax Forest Background (Seamless)/Parallax Forest Background - Blue/BG4 1.mat using Guid(3be306dc7f355754c960a303b1fbb9d2) Importer(815301076,1909f56bfc062723c751e8b465ee728b)  -> (artifact id: '5278b8822cdb4f2e52db820df9929be3') in 0.012610 seconds 
========================================================================
Received Import Request.
  Time since last request: 4.201838 seconds.
  path: Assets/Sprite/Parallax Forest Background (Seamless)/Parallax Forest Background - Blue/BG9.mat
  artifactKey: Guid(3be306dc7f355754c960a303b1fbb9d2) Importer(815301076,1909f56bfc062723c751e8b465ee728b)
Start importing Assets/Sprite/Parallax Forest Background (Seamless)/Parallax Forest Background - Blue/BG9.mat using Guid(3be306dc7f355754c960a303b1fbb9d2) Importer(815301076,1909f56bfc062723c751e8b465ee728b)  -> (artifact id: 'f77b790ff8cb4b20eaf472ab7edd8a1d') in 0.012583 seconds 
========================================================================
Received Import Request.
  Time since last request: 27.674908 seconds.
  path: Assets/Sprite/Parallax Forest Background (Seamless)/Combined Background Images/Combined background - Blue.png
  artifactKey: Guid(355619d67be52064f91fa94a91eacfb8) Importer(815301076,1909f56bfc062723c751e8b465ee728b)
Start importing Assets/Sprite/Parallax Forest Background (Seamless)/Combined Background Images/Combined background - Blue.png using Guid(355619d67be52064f91fa94a91eacfb8) Importer(815301076,1909f56bfc062723c751e8b465ee728b)  -> (artifact id: 'f98c1602bf9bd02e4107af917727dad3') in 0.107141 seconds 
========================================================================
Received Import Request.
  Time since last request: 8.129273 seconds.
  path: Assets/Fonts/scorefont.ttf
  artifactKey: Guid(08f304c7121a84ff0a58b0fc70a6e3a9) Importer(815301076,1909f56bfc062723c751e8b465ee728b)
Start importing Assets/Fonts/scorefont.ttf using Guid(08f304c7121a84ff0a58b0fc70a6e3a9) Importer(815301076,1909f56bfc062723c751e8b465ee728b)  -> (artifact id: '56bb44808d0de696e790f5c3c487fcbd') in 0.023162 seconds 
========================================================================
Received Import Request.
  Time since last request: 27.815996 seconds.
  path: Assets/Materials/Parallax Materials
  artifactKey: Guid(dd5d6f7303ccd7346a362bd506a36dbd) Importer(815301076,1909f56bfc062723c751e8b465ee728b)
Start importing Assets/Materials/Parallax Materials using Guid(dd5d6f7303ccd7346a362bd506a36dbd) Importer(815301076,1909f56bfc062723c751e8b465ee728b)  -> (artifact id: '0e179246cf7e730abcd0c34ddd8df4fd') in 0.004220 seconds 
========================================================================
Received Import Request.
  Time since last request: 130.640470 seconds.
  path: ProjectSettings/TagManager.asset
  artifactKey: Guid(00000000000000003000000000000000) Importer(815301076,1909f56bfc062723c751e8b465ee728b)
Start importing ProjectSettings/TagManager.asset using Guid(00000000000000003000000000000000) Importer(815301076,1909f56bfc062723c751e8b465ee728b)  -> (artifact id: '9d2dec7d4aa0060383b2fc70dccf9a9c') in 0.005204 seconds 
========================================================================
Received Import Request.
  Time since last request: 30.987514 seconds.
  path: Packages/com.unity.render-pipelines.universal/Runtime/Materials/Decal.mat
  artifactKey: Guid(31d0dcc6f2dd4e4408d18036a2c93862) Importer(815301076,1909f56bfc062723c751e8b465ee728b)
Start importing Packages/com.unity.render-pipelines.universal/Runtime/Materials/Decal.mat using Guid(31d0dcc6f2dd4e4408d18036a2c93862) Importer(815301076,1909f56bfc062723c751e8b465ee728b)  -> (artifact id: '266ed35d7c5c483033a1fc7349b99586') in 0.017350 seconds 
========================================================================
Received Import Request.
  Time since last request: 0.000020 seconds.
  path: Packages/com.unity.render-pipelines.universal/Runtime/Materials/SpatialMappingOcclusion.mat
  artifactKey: Guid(b51db210fe78df745a372851b3db949e) Importer(815301076,1909f56bfc062723c751e8b465ee728b)
Start importing Packages/com.unity.render-pipelines.universal/Runtime/Materials/SpatialMappingOcclusion.mat using Guid(b51db210fe78df745a372851b3db949e) Importer(815301076,1909f56bfc062723c751e8b465ee728b)  -> (artifact id: '0b62d8b082305b15427a88f509d7024e') in 0.014240 seconds 
========================================================================
Received Import Request.
  Time since last request: 0.000022 seconds.
  path: Packages/com.unity.render-pipelines.universal/Runtime/Materials/TerrainLit.mat
  artifactKey: Guid(594ea882c5a793440b60ff72d896021e) Importer(815301076,1909f56bfc062723c751e8b465ee728b)
Start importing Packages/com.unity.render-pipelines.universal/Runtime/Materials/TerrainLit.mat using Guid(594ea882c5a793440b60ff72d896021e) Importer(815301076,1909f56bfc062723c751e8b465ee728b)  -> (artifact id: 'a064921c3d6bd992c5fc01778f6272ec') in 0.139493 seconds 
========================================================================
Received Import Request.
  Time since last request: 1.950565 seconds.
  path: Assets/TextMesh Pro/Resources/Fonts & Materials/LiberationSans SDF.asset
  artifactKey: Guid(8f586378b4e144a9851e7b34d9b748ee) Importer(815301076,1909f56bfc062723c751e8b465ee728b)
Start importing Assets/TextMesh Pro/Resources/Fonts & Materials/LiberationSans SDF.asset using Guid(8f586378b4e144a9851e7b34d9b748ee) Importer(815301076,1909f56bfc062723c751e8b465ee728b)  -> (artifact id: '0d601ba96e93262a4412ed5ffb6c6360') in 0.047290 seconds 
========================================================================
Received Prepare
Registering precompiled user dll's ...
Registered in 0.005024 seconds.
Begin MonoManager ReloadAssembly
Symbol file LoadedFromMemory doesn't match image C:\Users\User\Game-Design-Lab\Library\PackageCache\com.unity.visualscripting@1.7.6\Editor\VisualScripting.Core\Dependencies\YamlDotNet\Unity.VisualScripting.YamlDotNet.dll
Symbol file LoadedFromMemory doesn't match image C:\Users\User\Game-Design-Lab\Library\PackageCache\com.unity.visualscripting@1.7.6\Editor\VisualScripting.Core\Dependencies\DotNetZip\Unity.VisualScripting.IonicZip.dll
Native extension for WindowsStandalone target not found
Native extension for WebGL target not found
Refreshing native plugins compatible for Editor in 1.04 ms, found 4 plugins.
Preloading 0 native plugins for Editor in 0.00 ms.
Mono: successfully reloaded assembly
- Completed reload, in  0.954 seconds
Domain Reload Profiling:
	ReloadAssembly (954ms)
		BeginReloadAssembly (117ms)
			ExecutionOrderSort (0ms)
			DisableScriptedObjects (7ms)
			BackupInstance (0ms)
			ReleaseScriptingObjects (0ms)
			CreateAndSetChildDomain (38ms)
		EndReloadAssembly (758ms)
			LoadAssemblies (74ms)
			RebuildTransferFunctionScriptingTraits (0ms)
			SetupTypeCache (200ms)
			ReleaseScriptCaches (2ms)
			RebuildScriptCaches (39ms)
			SetupLoadedEditorAssemblies (364ms)
				LogAssemblyErrors (0ms)
				InitializePlatformSupportModulesInManaged (10ms)
				SetLoadedEditorAssemblies (0ms)
				RefreshPlugins (1ms)
				BeforeProcessingInitializeOnLoad (80ms)
				ProcessInitializeOnLoadAttributes (189ms)
				ProcessInitializeOnLoadMethodAttributes (75ms)
				AfterProcessingInitializeOnLoad (7ms)
				EditorAssembliesLoaded (0ms)
			ExecutionOrderSort2 (0ms)
			AwakeInstancesAfterBackupRestoration (13ms)
Platform modules already initialized, skipping
Refreshing native plugins compatible for Editor in 4.27 ms, found 4 plugins.
Preloading 0 native plugins for Editor in 0.00 ms.
Unloading 5399 Unused Serialized files (Serialized files now loaded: 0)
Unloading 35 unused Assets / (480.7 KB). Loaded Objects now: 6080.
Memory consumption went from 214.7 MB to 214.2 MB.
Total: 6.306500 ms (FindLiveObjects: 0.748300 ms CreateObjectMapping: 0.212700 ms MarkObjects: 4.304400 ms  DeleteObjects: 1.039500 ms)

AssetImportParameters requested are different than current active one (requested -> active):
  custom:video-decoder-ogg-theora: a1e56fd34408186e4bbccfd4996cb3dc -> 
  custom:container-muxer-webm: aa71ff27fc2769a1b78a27578f13a17b -> 
  custom:container-demuxer-webm: 4f35f7cbe854078d1ac9338744f61a02 -> 
  custom:video-encoder-webm-vp8: eb34c28f22e8b96e1ab97ce403110664 -> 
  custom:audio-encoder-webm-vorbis: bf7c407c2cedff20999df2af8eb42d56 -> 
  custom:framework-win-MediaFoundation: 216162199b28c13a410421893ffa2e32 -> 
  custom:container-demuxer-ogg: 62fdf1f143b41e24485cea50d1cbac27 -> 
  custom:video-decoder-webm-vp8: 9c59270c3fd7afecdb556c50c9e8de78 -> 
  custom:audio-decoder-ogg-vorbis: bf7c407c2cedff20999df2af8eb42d56 -> 
========================================================================
Received Prepare
Registering precompiled user dll's ...
Registered in 0.004668 seconds.
Begin MonoManager ReloadAssembly
Symbol file LoadedFromMemory doesn't match image C:\Users\User\Game-Design-Lab\Library\PackageCache\com.unity.visualscripting@1.7.6\Editor\VisualScripting.Core\Dependencies\YamlDotNet\Unity.VisualScripting.YamlDotNet.dll
Symbol file LoadedFromMemory doesn't match image C:\Users\User\Game-Design-Lab\Library\PackageCache\com.unity.visualscripting@1.7.6\Editor\VisualScripting.Core\Dependencies\DotNetZip\Unity.VisualScripting.IonicZip.dll
Native extension for WindowsStandalone target not found
Native extension for WebGL target not found
Refreshing native plugins compatible for Editor in 1.20 ms, found 4 plugins.
Preloading 0 native plugins for Editor in 0.00 ms.
Mono: successfully reloaded assembly
- Completed reload, in  0.931 seconds
Domain Reload Profiling:
	ReloadAssembly (931ms)
		BeginReloadAssembly (115ms)
			ExecutionOrderSort (0ms)
			DisableScriptedObjects (6ms)
			BackupInstance (0ms)
			ReleaseScriptingObjects (0ms)
			CreateAndSetChildDomain (35ms)
		EndReloadAssembly (743ms)
			LoadAssemblies (76ms)
			RebuildTransferFunctionScriptingTraits (0ms)
			SetupTypeCache (216ms)
			ReleaseScriptCaches (2ms)
			RebuildScriptCaches (38ms)
			SetupLoadedEditorAssemblies (358ms)
				LogAssemblyErrors (0ms)
				InitializePlatformSupportModulesInManaged (11ms)
				SetLoadedEditorAssemblies (0ms)
				RefreshPlugins (1ms)
				BeforeProcessingInitializeOnLoad (79ms)
				ProcessInitializeOnLoadAttributes (181ms)
				ProcessInitializeOnLoadMethodAttributes (80ms)
				AfterProcessingInitializeOnLoad (6ms)
				EditorAssembliesLoaded (0ms)
			ExecutionOrderSort2 (0ms)
			AwakeInstancesAfterBackupRestoration (11ms)
Platform modules already initialized, skipping
Refreshing native plugins compatible for Editor in 4.59 ms, found 4 plugins.
Preloading 0 native plugins for Editor in 0.00 ms.
Unloading 5390 Unused Serialized files (Serialized files now loaded: 0)
Unloading 32 unused Assets / (481.0 KB). Loaded Objects now: 6083.
Memory consumption went from 214.3 MB to 213.8 MB.
Total: 3.356000 ms (FindLiveObjects: 0.466800 ms CreateObjectMapping: 0.196100 ms MarkObjects: 2.494800 ms  DeleteObjects: 0.197500 ms)

AssetImportParameters requested are different than current active one (requested -> active):
  custom:video-decoder-ogg-theora: a1e56fd34408186e4bbccfd4996cb3dc -> 
  custom:container-muxer-webm: aa71ff27fc2769a1b78a27578f13a17b -> 
  custom:container-demuxer-webm: 4f35f7cbe854078d1ac9338744f61a02 -> 
  custom:video-encoder-webm-vp8: eb34c28f22e8b96e1ab97ce403110664 -> 
  custom:audio-encoder-webm-vorbis: bf7c407c2cedff20999df2af8eb42d56 -> 
  custom:framework-win-MediaFoundation: 216162199b28c13a410421893ffa2e32 -> 
  custom:container-demuxer-ogg: 62fdf1f143b41e24485cea50d1cbac27 -> 
  custom:video-decoder-webm-vp8: 9c59270c3fd7afecdb556c50c9e8de78 -> 
  custom:audio-decoder-ogg-vorbis: bf7c407c2cedff20999df2af8eb42d56 -> 
========================================================================
Received Prepare
Registering precompiled user dll's ...
Registered in 0.005048 seconds.
Begin MonoManager ReloadAssembly
Symbol file LoadedFromMemory doesn't match image C:\Users\User\Game-Design-Lab\Library\PackageCache\com.unity.visualscripting@1.7.6\Editor\VisualScripting.Core\Dependencies\YamlDotNet\Unity.VisualScripting.YamlDotNet.dll
Symbol file LoadedFromMemory doesn't match image C:\Users\User\Game-Design-Lab\Library\PackageCache\com.unity.visualscripting@1.7.6\Editor\VisualScripting.Core\Dependencies\DotNetZip\Unity.VisualScripting.IonicZip.dll
Native extension for WindowsStandalone target not found
Native extension for WebGL target not found
Refreshing native plugins compatible for Editor in 1.00 ms, found 4 plugins.
Preloading 0 native plugins for Editor in 0.00 ms.
Mono: successfully reloaded assembly
- Completed reload, in  0.926 seconds
Domain Reload Profiling:
	ReloadAssembly (927ms)
		BeginReloadAssembly (106ms)
			ExecutionOrderSort (0ms)
			DisableScriptedObjects (6ms)
			BackupInstance (0ms)
			ReleaseScriptingObjects (0ms)
			CreateAndSetChildDomain (33ms)
		EndReloadAssembly (739ms)
			LoadAssemblies (73ms)
			RebuildTransferFunctionScriptingTraits (0ms)
			SetupTypeCache (216ms)
			ReleaseScriptCaches (2ms)
			RebuildScriptCaches (39ms)
			SetupLoadedEditorAssemblies (350ms)
				LogAssemblyErrors (0ms)
				InitializePlatformSupportModulesInManaged (12ms)
				SetLoadedEditorAssemblies (0ms)
				RefreshPlugins (1ms)
				BeforeProcessingInitializeOnLoad (77ms)
				ProcessInitializeOnLoadAttributes (178ms)
				ProcessInitializeOnLoadMethodAttributes (76ms)
				AfterProcessingInitializeOnLoad (6ms)
				EditorAssembliesLoaded (0ms)
			ExecutionOrderSort2 (0ms)
			AwakeInstancesAfterBackupRestoration (11ms)
Platform modules already initialized, skipping
Refreshing native plugins compatible for Editor in 4.04 ms, found 4 plugins.
Preloading 0 native plugins for Editor in 0.00 ms.
Unloading 5390 Unused Serialized files (Serialized files now loaded: 0)
Unloading 32 unused Assets / (481.1 KB). Loaded Objects now: 6086.
Memory consumption went from 214.3 MB to 213.8 MB.
Total: 6.024400 ms (FindLiveObjects: 0.792800 ms CreateObjectMapping: 0.482300 ms MarkObjects: 4.428900 ms  DeleteObjects: 0.319600 ms)

AssetImportParameters requested are different than current active one (requested -> active):
  custom:video-decoder-ogg-theora: a1e56fd34408186e4bbccfd4996cb3dc -> 
  custom:container-muxer-webm: aa71ff27fc2769a1b78a27578f13a17b -> 
  custom:container-demuxer-webm: 4f35f7cbe854078d1ac9338744f61a02 -> 
  custom:video-encoder-webm-vp8: eb34c28f22e8b96e1ab97ce403110664 -> 
  custom:audio-encoder-webm-vorbis: bf7c407c2cedff20999df2af8eb42d56 -> 
  custom:framework-win-MediaFoundation: 216162199b28c13a410421893ffa2e32 -> 
  custom:container-demuxer-ogg: 62fdf1f143b41e24485cea50d1cbac27 -> 
  custom:video-decoder-webm-vp8: 9c59270c3fd7afecdb556c50c9e8de78 -> 
  custom:audio-decoder-ogg-vorbis: bf7c407c2cedff20999df2af8eb42d56 -> 
========================================================================
Received Import Request.
  Time since last request: 1137.418180 seconds.
  path: Assets/Scripts/ParallaxScroller.cs
  artifactKey: Guid(1b8b1d64b23b3ec418fec221910eac23) Importer(815301076,1909f56bfc062723c751e8b465ee728b)
Start importing Assets/Scripts/ParallaxScroller.cs using Guid(1b8b1d64b23b3ec418fec221910eac23) Importer(815301076,1909f56bfc062723c751e8b465ee728b)  -> (artifact id: '630d1d4b991fe401716dad2a59f9d99b') in 0.021573 seconds 
========================================================================
Received Prepare
Registering precompiled user dll's ...
Registered in 0.004820 seconds.
Begin MonoManager ReloadAssembly
Symbol file LoadedFromMemory doesn't match image C:\Users\User\Game-Design-Lab\Library\PackageCache\com.unity.visualscripting@1.7.6\Editor\VisualScripting.Core\Dependencies\YamlDotNet\Unity.VisualScripting.YamlDotNet.dll
Symbol file LoadedFromMemory doesn't match image C:\Users\User\Game-Design-Lab\Library\PackageCache\com.unity.visualscripting@1.7.6\Editor\VisualScripting.Core\Dependencies\DotNetZip\Unity.VisualScripting.IonicZip.dll
Native extension for WindowsStandalone target not found
Native extension for WebGL target not found
Refreshing native plugins compatible for Editor in 1.66 ms, found 4 plugins.
Preloading 0 native plugins for Editor in 0.00 ms.
Mono: successfully reloaded assembly
- Completed reload, in  0.970 seconds
Domain Reload Profiling:
	ReloadAssembly (971ms)
		BeginReloadAssembly (121ms)
			ExecutionOrderSort (0ms)
			DisableScriptedObjects (6ms)
			BackupInstance (0ms)
			ReleaseScriptingObjects (0ms)
			CreateAndSetChildDomain (35ms)
		EndReloadAssembly (766ms)
			LoadAssemblies (82ms)
			RebuildTransferFunctionScriptingTraits (0ms)
			SetupTypeCache (207ms)
			ReleaseScriptCaches (2ms)
			RebuildScriptCaches (40ms)
			SetupLoadedEditorAssemblies (374ms)
				LogAssemblyErrors (0ms)
				InitializePlatformSupportModulesInManaged (13ms)
				SetLoadedEditorAssemblies (1ms)
				RefreshPlugins (2ms)
				BeforeProcessingInitializeOnLoad (94ms)
				ProcessInitializeOnLoadAttributes (191ms)
				ProcessInitializeOnLoadMethodAttributes (68ms)
				AfterProcessingInitializeOnLoad (5ms)
				EditorAssembliesLoaded (0ms)
			ExecutionOrderSort2 (0ms)
			AwakeInstancesAfterBackupRestoration (12ms)
Platform modules already initialized, skipping
Refreshing native plugins compatible for Editor in 2.79 ms, found 4 plugins.
Preloading 0 native plugins for Editor in 0.00 ms.
Unloading 5391 Unused Serialized files (Serialized files now loaded: 0)
Unloading 32 unused Assets / (480.9 KB). Loaded Objects now: 6090.
Memory consumption went from 214.3 MB to 213.8 MB.
Total: 3.164200 ms (FindLiveObjects: 0.332500 ms CreateObjectMapping: 0.141900 ms MarkObjects: 2.510500 ms  DeleteObjects: 0.178500 ms)

AssetImportParameters requested are different than current active one (requested -> active):
  custom:video-decoder-ogg-theora: a1e56fd34408186e4bbccfd4996cb3dc -> 
  custom:container-muxer-webm: aa71ff27fc2769a1b78a27578f13a17b -> 
  custom:container-demuxer-webm: 4f35f7cbe854078d1ac9338744f61a02 -> 
  custom:video-encoder-webm-vp8: eb34c28f22e8b96e1ab97ce403110664 -> 
  custom:audio-encoder-webm-vorbis: bf7c407c2cedff20999df2af8eb42d56 -> 
  custom:framework-win-MediaFoundation: 216162199b28c13a410421893ffa2e32 -> 
  custom:container-demuxer-ogg: 62fdf1f143b41e24485cea50d1cbac27 -> 
  custom:video-decoder-webm-vp8: 9c59270c3fd7afecdb556c50c9e8de78 -> 
  custom:audio-decoder-ogg-vorbis: bf7c407c2cedff20999df2af8eb42d56 -> 
========================================================================
Received Prepare
Registering precompiled user dll's ...
Registered in 0.004896 seconds.
Begin MonoManager ReloadAssembly
Symbol file LoadedFromMemory doesn't match image C:\Users\User\Game-Design-Lab\Library\PackageCache\com.unity.visualscripting@1.7.6\Editor\VisualScripting.Core\Dependencies\YamlDotNet\Unity.VisualScripting.YamlDotNet.dll
Symbol file LoadedFromMemory doesn't match image C:\Users\User\Game-Design-Lab\Library\PackageCache\com.unity.visualscripting@1.7.6\Editor\VisualScripting.Core\Dependencies\DotNetZip\Unity.VisualScripting.IonicZip.dll
Native extension for WindowsStandalone target not found
Native extension for WebGL target not found
Refreshing native plugins compatible for Editor in 0.93 ms, found 4 plugins.
Preloading 0 native plugins for Editor in 0.00 ms.
Mono: successfully reloaded assembly
- Completed reload, in  0.823 seconds
Domain Reload Profiling:
	ReloadAssembly (824ms)
		BeginReloadAssembly (108ms)
			ExecutionOrderSort (0ms)
			DisableScriptedObjects (6ms)
			BackupInstance (0ms)
			ReleaseScriptingObjects (0ms)
			CreateAndSetChildDomain (31ms)
		EndReloadAssembly (645ms)
			LoadAssemblies (72ms)
			RebuildTransferFunctionScriptingTraits (0ms)
			SetupTypeCache (185ms)
			ReleaseScriptCaches (2ms)
			RebuildScriptCaches (34ms)
			SetupLoadedEditorAssemblies (304ms)
				LogAssemblyErrors (0ms)
				InitializePlatformSupportModulesInManaged (10ms)
				SetLoadedEditorAssemblies (0ms)
				RefreshPlugins (1ms)
				BeforeProcessingInitializeOnLoad (70ms)
				ProcessInitializeOnLoadAttributes (155ms)
				ProcessInitializeOnLoadMethodAttributes (64ms)
				AfterProcessingInitializeOnLoad (5ms)
				EditorAssembliesLoaded (0ms)
			ExecutionOrderSort2 (0ms)
			AwakeInstancesAfterBackupRestoration (10ms)
Platform modules already initialized, skipping
Refreshing native plugins compatible for Editor in 2.39 ms, found 4 plugins.
Preloading 0 native plugins for Editor in 0.00 ms.
Unloading 5391 Unused Serialized files (Serialized files now loaded: 0)
Unloading 32 unused Assets / (481.0 KB). Loaded Objects now: 6093.
Memory consumption went from 214.3 MB to 213.9 MB.
Total: 3.381700 ms (FindLiveObjects: 0.402300 ms CreateObjectMapping: 0.125900 ms MarkObjects: 2.629700 ms  DeleteObjects: 0.223200 ms)

AssetImportParameters requested are different than current active one (requested -> active):
  custom:video-decoder-ogg-theora: a1e56fd34408186e4bbccfd4996cb3dc -> 
  custom:container-muxer-webm: aa71ff27fc2769a1b78a27578f13a17b -> 
  custom:container-demuxer-webm: 4f35f7cbe854078d1ac9338744f61a02 -> 
  custom:video-encoder-webm-vp8: eb34c28f22e8b96e1ab97ce403110664 -> 
  custom:audio-encoder-webm-vorbis: bf7c407c2cedff20999df2af8eb42d56 -> 
  custom:framework-win-MediaFoundation: 216162199b28c13a410421893ffa2e32 -> 
  custom:container-demuxer-ogg: 62fdf1f143b41e24485cea50d1cbac27 -> 
  custom:video-decoder-webm-vp8: 9c59270c3fd7afecdb556c50c9e8de78 -> 
  custom:audio-decoder-ogg-vorbis: bf7c407c2cedff20999df2af8eb42d56 -> 
========================================================================
Received Prepare
Registering precompiled user dll's ...
Registered in 0.004732 seconds.
Begin MonoManager ReloadAssembly
Symbol file LoadedFromMemory doesn't match image C:\Users\User\Game-Design-Lab\Library\PackageCache\com.unity.visualscripting@1.7.6\Editor\VisualScripting.Core\Dependencies\YamlDotNet\Unity.VisualScripting.YamlDotNet.dll
Symbol file LoadedFromMemory doesn't match image C:\Users\User\Game-Design-Lab\Library\PackageCache\com.unity.visualscripting@1.7.6\Editor\VisualScripting.Core\Dependencies\DotNetZip\Unity.VisualScripting.IonicZip.dll
Native extension for WindowsStandalone target not found
Native extension for WebGL target not found
Refreshing native plugins compatible for Editor in 0.87 ms, found 4 plugins.
Preloading 0 native plugins for Editor in 0.00 ms.
Mono: successfully reloaded assembly
- Completed reload, in  0.842 seconds
Domain Reload Profiling:
	ReloadAssembly (843ms)
		BeginReloadAssembly (110ms)
			ExecutionOrderSort (0ms)
			DisableScriptedObjects (6ms)
			BackupInstance (0ms)
			ReleaseScriptingObjects (0ms)
			CreateAndSetChildDomain (34ms)
		EndReloadAssembly (660ms)
			LoadAssemblies (71ms)
			RebuildTransferFunctionScriptingTraits (0ms)
			SetupTypeCache (170ms)
			ReleaseScriptCaches (2ms)
			RebuildScriptCaches (34ms)
			SetupLoadedEditorAssemblies (327ms)
				LogAssemblyErrors (0ms)
				InitializePlatformSupportModulesInManaged (9ms)
				SetLoadedEditorAssemblies (0ms)
				RefreshPlugins (1ms)
				BeforeProcessingInitializeOnLoad (68ms)
				ProcessInitializeOnLoadAttributes (167ms)
				ProcessInitializeOnLoadMethodAttributes (71ms)
				AfterProcessingInitializeOnLoad (10ms)
				EditorAssembliesLoaded (0ms)
			ExecutionOrderSort2 (0ms)
			AwakeInstancesAfterBackupRestoration (15ms)
Platform modules already initialized, skipping
Refreshing native plugins compatible for Editor in 3.76 ms, found 4 plugins.
Preloading 0 native plugins for Editor in 0.00 ms.
Unloading 5391 Unused Serialized files (Serialized files now loaded: 0)
Unloading 32 unused Assets / (481.1 KB). Loaded Objects now: 6096.
Memory consumption went from 214.3 MB to 213.9 MB.
Total: 3.608700 ms (FindLiveObjects: 0.370800 ms CreateObjectMapping: 0.144000 ms MarkObjects: 2.727800 ms  DeleteObjects: 0.365500 ms)

AssetImportParameters requested are different than current active one (requested -> active):
  custom:video-decoder-ogg-theora: a1e56fd34408186e4bbccfd4996cb3dc -> 
  custom:container-muxer-webm: aa71ff27fc2769a1b78a27578f13a17b -> 
  custom:container-demuxer-webm: 4f35f7cbe854078d1ac9338744f61a02 -> 
  custom:video-encoder-webm-vp8: eb34c28f22e8b96e1ab97ce403110664 -> 
  custom:audio-encoder-webm-vorbis: bf7c407c2cedff20999df2af8eb42d56 -> 
  custom:framework-win-MediaFoundation: 216162199b28c13a410421893ffa2e32 -> 
  custom:container-demuxer-ogg: 62fdf1f143b41e24485cea50d1cbac27 -> 
  custom:video-decoder-webm-vp8: 9c59270c3fd7afecdb556c50c9e8de78 -> 
  custom:audio-decoder-ogg-vorbis: bf7c407c2cedff20999df2af8eb42d56 -> 
========================================================================
Received Prepare
Registering precompiled user dll's ...
Registered in 0.005786 seconds.
Begin MonoManager ReloadAssembly
Symbol file LoadedFromMemory doesn't match image C:\Users\User\Game-Design-Lab\Library\PackageCache\com.unity.visualscripting@1.7.6\Editor\VisualScripting.Core\Dependencies\YamlDotNet\Unity.VisualScripting.YamlDotNet.dll
Symbol file LoadedFromMemory doesn't match image C:\Users\User\Game-Design-Lab\Library\PackageCache\com.unity.visualscripting@1.7.6\Editor\VisualScripting.Core\Dependencies\DotNetZip\Unity.VisualScripting.IonicZip.dll
Native extension for WindowsStandalone target not found
Native extension for WebGL target not found
Refreshing native plugins compatible for Editor in 1.27 ms, found 4 plugins.
Preloading 0 native plugins for Editor in 0.00 ms.
Mono: successfully reloaded assembly
- Completed reload, in  0.921 seconds
Domain Reload Profiling:
	ReloadAssembly (922ms)
		BeginReloadAssembly (118ms)
			ExecutionOrderSort (0ms)
			DisableScriptedObjects (7ms)
			BackupInstance (0ms)
			ReleaseScriptingObjects (0ms)
			CreateAndSetChildDomain (35ms)
		EndReloadAssembly (725ms)
			LoadAssemblies (78ms)
			RebuildTransferFunctionScriptingTraits (0ms)
			SetupTypeCache (203ms)
			ReleaseScriptCaches (2ms)
			RebuildScriptCaches (43ms)
			SetupLoadedEditorAssemblies (340ms)
				LogAssemblyErrors (0ms)
				InitializePlatformSupportModulesInManaged (10ms)
				SetLoadedEditorAssemblies (0ms)
				RefreshPlugins (1ms)
				BeforeProcessingInitializeOnLoad (79ms)
				ProcessInitializeOnLoadAttributes (177ms)
				ProcessInitializeOnLoadMethodAttributes (66ms)
				AfterProcessingInitializeOnLoad (6ms)
				EditorAssembliesLoaded (0ms)
			ExecutionOrderSort2 (0ms)
			AwakeInstancesAfterBackupRestoration (10ms)
Platform modules already initialized, skipping
Refreshing native plugins compatible for Editor in 4.54 ms, found 4 plugins.
Preloading 0 native plugins for Editor in 0.00 ms.
Unloading 5391 Unused Serialized files (Serialized files now loaded: 0)
Unloading 32 unused Assets / (481.0 KB). Loaded Objects now: 6099.
Memory consumption went from 214.3 MB to 213.9 MB.
Total: 5.665700 ms (FindLiveObjects: 0.819600 ms CreateObjectMapping: 0.198000 ms MarkObjects: 4.317800 ms  DeleteObjects: 0.329100 ms)

AssetImportParameters requested are different than current active one (requested -> active):
  custom:video-decoder-ogg-theora: a1e56fd34408186e4bbccfd4996cb3dc -> 
  custom:container-muxer-webm: aa71ff27fc2769a1b78a27578f13a17b -> 
  custom:container-demuxer-webm: 4f35f7cbe854078d1ac9338744f61a02 -> 
  custom:video-encoder-webm-vp8: eb34c28f22e8b96e1ab97ce403110664 -> 
  custom:audio-encoder-webm-vorbis: bf7c407c2cedff20999df2af8eb42d56 -> 
  custom:framework-win-MediaFoundation: 216162199b28c13a410421893ffa2e32 -> 
  custom:container-demuxer-ogg: 62fdf1f143b41e24485cea50d1cbac27 -> 
  custom:video-decoder-webm-vp8: 9c59270c3fd7afecdb556c50c9e8de78 -> 
  custom:audio-decoder-ogg-vorbis: bf7c407c2cedff20999df2af8eb42d56 -> 
========================================================================
Received Prepare
Registering precompiled user dll's ...
Registered in 0.006113 seconds.
Begin MonoManager ReloadAssembly
Symbol file LoadedFromMemory doesn't match image C:\Users\User\Game-Design-Lab\Library\PackageCache\com.unity.visualscripting@1.7.6\Editor\VisualScripting.Core\Dependencies\YamlDotNet\Unity.VisualScripting.YamlDotNet.dll
Symbol file LoadedFromMemory doesn't match image C:\Users\User\Game-Design-Lab\Library\PackageCache\com.unity.visualscripting@1.7.6\Editor\VisualScripting.Core\Dependencies\DotNetZip\Unity.VisualScripting.IonicZip.dll
Native extension for WindowsStandalone target not found
Native extension for WebGL target not found
Refreshing native plugins compatible for Editor in 1.00 ms, found 4 plugins.
Preloading 0 native plugins for Editor in 0.00 ms.
Mono: successfully reloaded assembly
- Completed reload, in  0.956 seconds
Domain Reload Profiling:
	ReloadAssembly (956ms)
		BeginReloadAssembly (121ms)
			ExecutionOrderSort (0ms)
			DisableScriptedObjects (6ms)
			BackupInstance (0ms)
			ReleaseScriptingObjects (0ms)
			CreateAndSetChildDomain (38ms)
		EndReloadAssembly (742ms)
			LoadAssemblies (80ms)
			RebuildTransferFunctionScriptingTraits (0ms)
			SetupTypeCache (200ms)
			ReleaseScriptCaches (2ms)
			RebuildScriptCaches (40ms)
			SetupLoadedEditorAssemblies (364ms)
				LogAssemblyErrors (0ms)
				InitializePlatformSupportModulesInManaged (11ms)
				SetLoadedEditorAssemblies (0ms)
				RefreshPlugins (1ms)
				BeforeProcessingInitializeOnLoad (85ms)
				ProcessInitializeOnLoadAttributes (178ms)
				ProcessInitializeOnLoadMethodAttributes (81ms)
				AfterProcessingInitializeOnLoad (8ms)
				EditorAssembliesLoaded (0ms)
			ExecutionOrderSort2 (0ms)
			AwakeInstancesAfterBackupRestoration (13ms)
Platform modules already initialized, skipping
Refreshing native plugins compatible for Editor in 2.77 ms, found 4 plugins.
Preloading 0 native plugins for Editor in 0.00 ms.
Unloading 5391 Unused Serialized files (Serialized files now loaded: 0)
Unloading 32 unused Assets / (480.9 KB). Loaded Objects now: 6102.
Memory consumption went from 214.4 MB to 213.9 MB.
Total: 3.309200 ms (FindLiveObjects: 0.400800 ms CreateObjectMapping: 0.141000 ms MarkObjects: 2.560400 ms  DeleteObjects: 0.205600 ms)

AssetImportParameters requested are different than current active one (requested -> active):
  custom:video-decoder-ogg-theora: a1e56fd34408186e4bbccfd4996cb3dc -> 
  custom:container-muxer-webm: aa71ff27fc2769a1b78a27578f13a17b -> 
  custom:container-demuxer-webm: 4f35f7cbe854078d1ac9338744f61a02 -> 
  custom:video-encoder-webm-vp8: eb34c28f22e8b96e1ab97ce403110664 -> 
  custom:audio-encoder-webm-vorbis: bf7c407c2cedff20999df2af8eb42d56 -> 
  custom:framework-win-MediaFoundation: 216162199b28c13a410421893ffa2e32 -> 
  custom:container-demuxer-ogg: 62fdf1f143b41e24485cea50d1cbac27 -> 
  custom:video-decoder-webm-vp8: 9c59270c3fd7afecdb556c50c9e8de78 -> 
  custom:audio-decoder-ogg-vorbis: bf7c407c2cedff20999df2af8eb42d56 -> 
========================================================================
Received Import Request.
  Time since last request: 757.181396 seconds.
  path: Assets/Materials/Parallax Materials/BG1.mat
  artifactKey: Guid(ccf06222590c6854f8fa5da7142d663f) Importer(815301076,1909f56bfc062723c751e8b465ee728b)
Start importing Assets/Materials/Parallax Materials/BG1.mat using Guid(ccf06222590c6854f8fa5da7142d663f) Importer(815301076,1909f56bfc062723c751e8b465ee728b)  -> (artifact id: 'f3a1002017e19ab00115486a0916ac77') in 0.183422 seconds 
========================================================================
Received Import Request.
  Time since last request: 0.000031 seconds.
  path: Assets/Materials/Parallax Materials/BG7.mat
  artifactKey: Guid(ed032cd9b0a189e4aa7541ab28c0f241) Importer(815301076,1909f56bfc062723c751e8b465ee728b)
Start importing Assets/Materials/Parallax Materials/BG7.mat using Guid(ed032cd9b0a189e4aa7541ab28c0f241) Importer(815301076,1909f56bfc062723c751e8b465ee728b)  -> (artifact id: '7975f1bc83d224763839464718a1559d') in 0.043869 seconds 
========================================================================
Received Import Request.
  Time since last request: 0.000042 seconds.
  path: Assets/Materials/Parallax Materials/BG3.mat
  artifactKey: Guid(c4d067288c1f05846a6b881cc78dffa2) Importer(815301076,1909f56bfc062723c751e8b465ee728b)
Start importing Assets/Materials/Parallax Materials/BG3.mat using Guid(c4d067288c1f05846a6b881cc78dffa2) Importer(815301076,1909f56bfc062723c751e8b465ee728b)  -> (artifact id: '8e0d4c8d37a346cb0d4cc1592b845707') in 0.014128 seconds 
========================================================================
Received Import Request.
  Time since last request: 0.000025 seconds.
  path: Assets/Materials/Parallax Materials/BG9.mat
  artifactKey: Guid(3be306dc7f355754c960a303b1fbb9d2) Importer(815301076,1909f56bfc062723c751e8b465ee728b)
Start importing Assets/Materials/Parallax Materials/BG9.mat using Guid(3be306dc7f355754c960a303b1fbb9d2) Importer(815301076,1909f56bfc062723c751e8b465ee728b)  -> (artifact id: '59b3c51bf84a16b53f4f49d719a779c6') in 0.016452 seconds 
Editor requested this worker to shutdown with reason: Scaling down because of idle timeout
AssetImportWorker is now disconnected from the server
Process exiting
Exiting without the bug reporter. Application will terminate with return code 0